<?xml version="1.0" encoding="UTF-8"?>
<testng-results total="2" passed="1" failed="1" skipped="0">
  <reporter-output>
  </reporter-output>
  <suite started-at="2024-11-17T13:31:25Z" name="Default suite" finished-at="2024-11-17T13:32:30Z" duration-ms="64659">
    <groups>
    </groups>
    <test started-at="2024-11-17T13:31:25Z" name="Default test" finished-at="2024-11-17T13:32:30Z" duration-ms="64659">
      <class name="com.training.sanity.tests.LoginOrangeHRM_PerformancesTests">
        <test-method is-config="true" signature="setUp()[pri:0, instance:com.training.sanity.tests.LoginOrangeHRM_PerformancesTests@1efe439d]" started-at="2024-11-17T19:01:25Z" name="setUp" finished-at="2024-11-17T19:02:20Z" duration-ms="55104" status="PASS">
          <reporter-output>
          </reporter-output>
        </test-method> <!-- setUp -->
        <test-method signature="loginPassTest()[pri:0, instance:com.training.sanity.tests.LoginOrangeHRM_PerformancesTests@1efe439d]" started-at="2024-11-17T19:02:20Z" name="loginPassTest" finished-at="2024-11-17T19:02:24Z" duration-ms="4104" status="PASS">
          <reporter-output>
          </reporter-output>
        </test-method> <!-- loginPassTest -->
        <test-method signature="testSearchEmployeePerformance()[pri:0, instance:com.training.sanity.tests.LoginOrangeHRM_PerformancesTests@1efe439d]" started-at="2024-11-17T19:02:24Z" name="testSearchEmployeePerformance" finished-at="2024-11-17T19:02:25Z" duration-ms="19" status="FAIL">
          <exception class="java.lang.NullPointerException">
            <message>
              <![CDATA[Cannot invoke "com.traning.pom.PerformancesHomePage.enterEmployeeName(String)" because "this.performanceshomepage" is null]]>
            </message>
            <full-stacktrace>
              <![CDATA[java.lang.NullPointerException: Cannot invoke "com.traning.pom.PerformancesHomePage.enterEmployeeName(String)" because "this.performanceshomepage" is null
	at com.training.sanity.tests.LoginOrangeHRM_PerformancesTests.testSearchEmployeePerformance(LoginOrangeHRM_PerformancesTests.java:50)
	at java.base/jdk.internal.reflect.DirectMethodHandleAccessor.invoke(DirectMethodHandleAccessor.java:103)
	at java.base/java.lang.reflect.Method.invoke(Method.java:580)
	at org.testng.internal.MethodInvocationHelper.invokeMethod(MethodInvocationHelper.java:86)
	at org.testng.internal.Invoker.invokeMethod(Invoker.java:643)
	at org.testng.internal.Invoker.invokeTestMethod(Invoker.java:820)
	at org.testng.internal.Invoker.invokeTestMethods(Invoker.java:1128)
	at org.testng.internal.TestMethodWorker.invokeTestMethods(TestMethodWorker.java:129)
	at org.testng.internal.TestMethodWorker.run(TestMethodWorker.java:112)
	at org.testng.TestRunner.privateRun(TestRunner.java:782)
	at org.testng.TestRunner.run(TestRunner.java:632)
	at org.testng.SuiteRunner.runTest(SuiteRunner.java:366)
	at org.testng.SuiteRunner.runSequentially(SuiteRunner.java:361)
	at org.testng.SuiteRunner.privateRun(SuiteRunner.java:319)
	at org.testng.SuiteRunner.run(SuiteRunner.java:268)
	at org.testng.SuiteRunnerWorker.runSuite(SuiteRunnerWorker.java:52)
	at org.testng.SuiteRunnerWorker.run(SuiteRunnerWorker.java:86)
	at org.testng.TestNG.runSuitesSequentially(TestNG.java:1244)
	at org.testng.TestNG.runSuitesLocally(TestNG.java:1169)
	at org.testng.TestNG.run(TestNG.java:1064)
	at org.testng.remote.AbstractRemoteTestNG.run(AbstractRemoteTestNG.java:115)
	at org.testng.remote.RemoteTestNG.initAndRun(RemoteTestNG.java:293)
	at org.testng.remote.RemoteTestNG.main(RemoteTestNG.java:91)
]]>
            </full-stacktrace>
          </exception> <!-- java.lang.NullPointerException -->
          <reporter-output>
          </reporter-output>
        </test-method> <!-- testSearchEmployeePerformance -->
        <test-method is-config="true" signature="tearDown()[pri:0, instance:com.training.sanity.tests.LoginOrangeHRM_PerformancesTests@1efe439d]" started-at="2024-11-17T19:02:25Z" name="tearDown" finished-at="2024-11-17T19:02:30Z" duration-ms="5411" status="PASS">
          <reporter-output>
          </reporter-output>
        </test-method> <!-- tearDown -->
      </class> <!-- com.training.sanity.tests.LoginOrangeHRM_PerformancesTests -->
    </test> <!-- Default test -->
  </suite> <!-- Default suite -->
</testng-results>
